<?xml version="1.0" encoding="UTF-8"?>
<!-- Generated by org.testng.reporters.JUnitReportReporter -->
<testsuite skipped="0" hostname="WIN-HQ5D7S9H79R" name="graduateprojectpackage.Salon" tests="1" failures="0" timestamp="24 дек 2017 22:54:06 GMT" time="67.049" errors="0">
  <testcase name="testSalon" time="67.049" classname="graduateprojectpackage.Salon"/>
</testsuite> <!-- graduateprojectpackage.Salon -->
