<?xml version="1.0" encoding="UTF-8"?>
<!-- Generated by org.testng.reporters.JUnitReportReporter -->
<testsuite skipped="0" hostname="WIN-HQ5D7S9H79R" name="graduateprojectpackage.Artist" tests="1" failures="0" timestamp="24 дек 2017 21:47:37 GMT" time="113.956" errors="0">
  <testcase name="testArtist" time="113.956" classname="graduateprojectpackage.Artist"/>
</testsuite> <!-- graduateprojectpackage.Artist -->
