<?xml version="1.0" encoding="UTF-8"?>
<!-- Generated by org.testng.reporters.JUnitReportReporter -->
<testsuite skipped="0" hostname="WIN-HQ5D7S9H79R" name="graduateprojectpackage.Artist" tests="1" failures="0" timestamp="11 дек 2017 14:56:40 GMT" time="62.573" errors="0">
  <testcase name="testArtist" time="62.573" classname="graduateprojectpackage.Artist"/>
</testsuite> <!-- graduateprojectpackage.Artist -->
