<?xml version="1.0" encoding="UTF-8"?>
<!-- Generated by org.testng.reporters.JUnitReportReporter -->
<testsuite skipped="0" hostname="WIN-HQ5D7S9H79R" name="graduateprojectpackage.PicsShowMore" tests="1" failures="0" timestamp="25 дек 2017 13:45:19 GMT" time="72.403" errors="0">
  <testcase name="testPics" time="72.403" classname="graduateprojectpackage.PicsShowMore"/>
</testsuite> <!-- graduateprojectpackage.PicsShowMore -->
