<?xml version="1.0" encoding="UTF-8"?>
<!-- Generated by org.testng.reporters.JUnitReportReporter -->
<testsuite skipped="0" hostname="WIN-HQ5D7S9H79R" name="graduateprojectpackage.MapMozillla" tests="1" failures="0" timestamp="16 янв 2018 15:18:01 GMT" time="533.731" errors="0">
  <testcase name="testMap" time="533.731" classname="graduateprojectpackage.MapMozillla"/>
</testsuite> <!-- graduateprojectpackage.MapMozillla -->
