<?xml version="1.0" encoding="UTF-8"?>
<!-- Generated by org.testng.reporters.JUnitReportReporter -->
<testsuite skipped="0" hostname="WIN-HQ5D7S9H79R" name="graduateprojectpackage.ArtistShowMore" tests="1" failures="0" timestamp="24 дек 2017 22:29:45 GMT" time="68.303" errors="0">
  <testcase name="testArtist" time="68.303" classname="graduateprojectpackage.ArtistShowMore"/>
</testsuite> <!-- graduateprojectpackage.ArtistShowMore -->
