<?xml version="1.0" encoding="UTF-8"?>
<!-- Generated by org.testng.reporters.JUnitReportReporter -->
<testsuite skipped="0" hostname="WIN-HQ5D7S9H79R" name="graduateprojectpackage.Sizes" tests="1" failures="0" timestamp="24 дек 2017 23:06:59 GMT" time="79.651" errors="0">
  <testcase name="testSizes" time="79.651" classname="graduateprojectpackage.Sizes"/>
</testsuite> <!-- graduateprojectpackage.Sizes -->
