<?xml version="1.0" encoding="UTF-8"?>
<!-- Generated by org.testng.reporters.JUnitReportReporter -->
<testsuite skipped="0" hostname="WIN-HQ5D7S9H79R" name="graduateprojectpackage.ShowMoreTests" tests="3" failures="0" timestamp="16 янв 2018 15:18:01 GMT" time="239.716" errors="0">
  <testcase name="testArtistShowMore" time="82.548" classname="graduateprojectpackage.ShowMoreTests"/>
  <testcase name="testSalonShowMore" time="78.983" classname="graduateprojectpackage.ShowMoreTests"/>
  <testcase name="testPicsShoMore" time="78.185" classname="graduateprojectpackage.ShowMoreTests"/>
</testsuite> <!-- graduateprojectpackage.ShowMoreTests -->
