<?xml version="1.0" encoding="UTF-8"?>
<!-- Generated by org.testng.reporters.JUnitReportReporter -->
<testsuite skipped="0" hostname="WIN-HQ5D7S9H79R" name="graduateprojectpackage.LoginOperaT" tests="9" failures="0" timestamp="11 дек 2017 14:56:40 GMT" time="98.320" errors="0">
  <testcase name="testLogin" time="9.916" classname="graduateprojectpackage.LoginOperaT"/>
  <testcase name="testLogin" time="9.740" classname="graduateprojectpackage.LoginOperaT"/>
  <testcase name="testLogin" time="9.525" classname="graduateprojectpackage.LoginOperaT"/>
  <testcase name="testLogin" time="11.563" classname="graduateprojectpackage.LoginOperaT"/>
  <testcase name="testLogin" time="9.863" classname="graduateprojectpackage.LoginOperaT"/>
  <testcase name="testLogin" time="13.944" classname="graduateprojectpackage.LoginOperaT"/>
  <testcase name="testLogin" time="10.654" classname="graduateprojectpackage.LoginOperaT"/>
  <testcase name="testLogin" time="9.760" classname="graduateprojectpackage.LoginOperaT"/>
  <testcase name="testLogin" time="13.355" classname="graduateprojectpackage.LoginOperaT"/>
</testsuite> <!-- graduateprojectpackage.LoginOperaT -->
