<?xml version="1.0" encoding="UTF-8"?>
<!-- Generated by org.testng.reporters.JUnitReportReporter -->
<testsuite skipped="0" hostname="WIN-HQ5D7S9H79R" name="graduateprojectpackage.LoginMozillaT" tests="9" failures="0" timestamp="11 дек 2017 14:56:40 GMT" time="100.227" errors="0">
  <testcase name="testLogin" time="14.543" classname="graduateprojectpackage.LoginMozillaT"/>
  <testcase name="testLogin" time="10.250" classname="graduateprojectpackage.LoginMozillaT"/>
  <testcase name="testLogin" time="10.130" classname="graduateprojectpackage.LoginMozillaT"/>
  <testcase name="testLogin" time="11.537" classname="graduateprojectpackage.LoginMozillaT"/>
  <testcase name="testLogin" time="9.716" classname="graduateprojectpackage.LoginMozillaT"/>
  <testcase name="testLogin" time="9.652" classname="graduateprojectpackage.LoginMozillaT"/>
  <testcase name="testLogin" time="10.392" classname="graduateprojectpackage.LoginMozillaT"/>
  <testcase name="testLogin" time="10.417" classname="graduateprojectpackage.LoginMozillaT"/>
  <testcase name="testLogin" time="13.590" classname="graduateprojectpackage.LoginMozillaT"/>
</testsuite> <!-- graduateprojectpackage.LoginMozillaT -->
