<?xml version="1.0" encoding="UTF-8"?>
<!-- Generated by org.testng.reporters.JUnitReportReporter -->
<testsuite skipped="0" hostname="WIN-HQ5D7S9H79R" name="graduateprojectpackage.Map" tests="1" failures="0" timestamp="08 дек 2017 14:04:36 GMT" time="90.769" errors="0">
  <testcase name="testMap" time="90.769" classname="graduateprojectpackage.Map"/>
</testsuite> <!-- graduateprojectpackage.Map -->
