<?xml version="1.0" encoding="UTF-8"?>
<!-- Generated by org.testng.reporters.JUnitReportReporter -->
<testsuite skipped="0" hostname="WIN-HQ5D7S9H79R" name="graduateprojectpackage.SalonShowMore" tests="1" failures="0" timestamp="11 дек 2017 14:56:40 GMT" time="67.023" errors="0">
  <testcase name="testSalon" time="67.023" classname="graduateprojectpackage.SalonShowMore"/>
</testsuite> <!-- graduateprojectpackage.SalonShowMore -->
