<?xml version="1.0" encoding="UTF-8"?>
<!-- Generated by org.testng.reporters.JUnitReportReporter -->
<testsuite skipped="0" hostname="WIN-HQ5D7S9H79R" name="graduateprojectpackage.Calculator" tests="1" failures="0" timestamp="24 дек 2017 22:32:04 GMT" time="74.753" errors="0">
  <testcase name="testSizes" time="74.753" classname="graduateprojectpackage.Calculator"/>
</testsuite> <!-- graduateprojectpackage.Calculator -->
