<?xml version="1.0" encoding="UTF-8"?>
<!-- Generated by org.testng.reporters.JUnitReportReporter -->
<testsuite skipped="0" hostname="WIN-HQ5D7S9H79R" name="graduateprojectpackage.Services" tests="1" failures="0" timestamp="24 дек 2017 23:05:30 GMT" time="78.378" errors="0">
  <testcase name="testSizes" time="78.378" classname="graduateprojectpackage.Services"/>
</testsuite> <!-- graduateprojectpackage.Services -->
