<?xml version="1.0" encoding="UTF-8"?>
<!-- Generated by org.testng.reporters.JUnitReportReporter -->
<testsuite skipped="0" hostname="WIN-HQ5D7S9H79R" name="graduateprojectpackage.LoginMozillaT" tests="9" failures="0" timestamp="16 янв 2018 15:20:23 GMT" time="60.593" errors="0">
  <testcase name="testLogin" time="6.845" classname="graduateprojectpackage.LoginMozillaT"/>
  <testcase name="testLogin" time="7.080" classname="graduateprojectpackage.LoginMozillaT"/>
  <testcase name="testLogin" time="6.396" classname="graduateprojectpackage.LoginMozillaT"/>
  <testcase name="testLogin" time="8.860" classname="graduateprojectpackage.LoginMozillaT"/>
  <testcase name="testLogin" time="6.332" classname="graduateprojectpackage.LoginMozillaT"/>
  <testcase name="testLogin" time="7.202" classname="graduateprojectpackage.LoginMozillaT"/>
  <testcase name="testLogin" time="5.978" classname="graduateprojectpackage.LoginMozillaT"/>
  <testcase name="testLogin" time="5.486" classname="graduateprojectpackage.LoginMozillaT"/>
  <testcase name="testLogin" time="6.414" classname="graduateprojectpackage.LoginMozillaT"/>
</testsuite> <!-- graduateprojectpackage.LoginMozillaT -->
